<?xml version="1.0" encoding="UTF-8"?>
<!-- Generated by org.testng.reporters.JUnitXMLReporter -->
<testsuite ignored="0" hostname="192.168.1.6" failures="1" tests="1" name="Chrome Test" time="2.401" errors="0" timestamp="2025-07-03T01:10:10 IST">
  <testcase classname="io.cucumber.testng.AbstractTestNGCucumberTests" name="runScenario" time="0.418">
    <failure type="java.lang.Error" message="Unresolved compilation problems: 
	The method getValueFromPropFile(String) is undefined for the type Hooks
	The method setup(String) is undefined for the type Hooks
	pageManager cannot be resolved or is not a field
">
      <![CDATA[java.lang.Error: Unresolved compilation problems: 
The method getValueFromPropFile(String) is undefined for the type Hooks
The method setup(String) is undefined for the type Hooks
pageManager cannot be resolved or is not a field

at hooks.Hooks.setupBrowser(Hooks.java:39)
]]>
    </failure>
  </testcase> <!-- runScenario -->
</testsuite> <!-- Chrome Test -->
