<?xml version="1.0" encoding="UTF-8"?>
<!-- Generated by org.testng.reporters.JUnitXMLReporter -->
<testsuite ignored="0" hostname="192.168.1.6" failures="0" tests="3" name="Test" time="2.151" errors="0" timestamp="2025-06-23T00:51:10 IST">
  <testcase classname="base.BaseTest" name="@BeforeMethod setup" time="0.038">
    <failure type="java.lang.NullPointerException" message="Cannot invoke &amp;quot;String.toLowerCase()&amp;quot; because &amp;quot;browser&amp;quot; is null">
      <![CDATA[java.lang.NullPointerException: Cannot invoke "String.toLowerCase()" because "browser" is null
at driver.DriverManager.initializeDriver(DriverManager.java:32)
at base.BaseTest.setup(BaseTest.java:46)
at java.base/java.util.ArrayList.forEach(ArrayList.java:1511)
... Removed 31 stack frames]]>
    </failure>
  </testcase> <!-- @BeforeMethod setup -->
  <testcase classname="base.BaseTest" name="@BeforeMethod setup" time="0.008">
    <failure type="java.lang.NullPointerException" message="Cannot invoke &amp;quot;String.toLowerCase()&amp;quot; because &amp;quot;browser&amp;quot; is null">
      <![CDATA[java.lang.NullPointerException: Cannot invoke "String.toLowerCase()" because "browser" is null
at driver.DriverManager.initializeDriver(DriverManager.java:32)
at base.BaseTest.setup(BaseTest.java:46)
at java.base/java.util.ArrayList.forEach(ArrayList.java:1511)
... Removed 31 stack frames]]>
    </failure>
  </testcase> <!-- @BeforeMethod setup -->
  <testcase classname="base.BaseTest" name="@BeforeMethod setup" time="0.007">
    <failure type="java.lang.NullPointerException" message="Cannot invoke &amp;quot;String.toLowerCase()&amp;quot; because &amp;quot;browser&amp;quot; is null">
      <![CDATA[java.lang.NullPointerException: Cannot invoke "String.toLowerCase()" because "browser" is null
at driver.DriverManager.initializeDriver(DriverManager.java:32)
at base.BaseTest.setup(BaseTest.java:46)
at java.base/java.util.ArrayList.forEach(ArrayList.java:1511)
... Removed 31 stack frames]]>
    </failure>
  </testcase> <!-- @BeforeMethod setup -->
  <testcase classname="ui.testcases.ValidateValidTest" name="validateValidUserTest" time="0.0">
    <skipped/>
  </testcase> <!-- validateValidUserTest -->
  <testcase classname="ui.testcases.LoginWithvaliduserTest" name="loginWithvalidUserTest" time="0.0">
    <skipped/>
  </testcase> <!-- loginWithvalidUserTest -->
  <testcase classname="ui.testcases.RegisterUserTest" name="registeruserTest" time="0.0">
    <skipped/>
  </testcase> <!-- registeruserTest -->
</testsuite> <!-- Test -->
