<?xml version="1.0" encoding="UTF-8"?>
<!-- Generated by org.testng.reporters.JUnitReportReporter -->
<testsuite hostname="192.168.1.7" failures="0" tests="3" name="apitest.MockServicesTest" time="4.146" errors="0" timestamp="2025-08-07T00:34:02 IST" skipped="2">
  <testcase classname="apitest.MockServicesTest" name="testGetRequest" time="4.146"/>
  <system-out/>
  <testcase classname="apitest.MockServicesTest" name="validatePutResponse">
    <skipped/>
  </testcase> <!-- validatePutResponse -->
  <system-out/>
  <testcase classname="apitest.MockServicesTest" name="validatePostResponse">
    <skipped/>
  </testcase> <!-- validatePostResponse -->
  <system-out/>
</testsuite> <!-- apitest.MockServicesTest -->
