<?xml version="1.0" encoding="UTF-8"?>
<!-- Generated by org.testng.reporters.JUnitXMLReporter -->
<testsuite ignored="0" hostname="192.168.1.6" failures="0" tests="1" name="EdgeTests" time="1.101" errors="0" timestamp="2025-05-27T00:18:33 IST">
  <testcase classname="base.BaseTest" name="@BeforeMethod setup" time="0.028">
    <failure type="java.lang.IllegalArgumentException" message="Invalid browser: MicrosoftEdge">
      <![CDATA[java.lang.IllegalArgumentException: Invalid browser: MicrosoftEdge
at driver.DriverManager.initializeDriver(DriverManager.java:67)
at base.BaseTest.setup(BaseTest.java:39)
at java.base/java.util.ArrayList.forEach(ArrayList.java:1511)
at java.base/java.util.concurrent.FutureTask.run(FutureTask.java:264)
at java.base/java.util.concurrent.ThreadPoolExecutor.runWorker(ThreadPoolExecutor.java:1136)
at java.base/java.util.concurrent.ThreadPoolExecutor$Worker.run(ThreadPoolExecutor.java:635)
at java.base/java.lang.Thread.run(Thread.java:833)
... Removed 22 stack frames]]>
    </failure>
  </testcase> <!-- @BeforeMethod setup -->
  <testcase classname="ui.testcases.ValidateValidTest" name="validateValidUserTest" time="0.0">
    <skipped/>
  </testcase> <!-- validateValidUserTest -->
</testsuite> <!-- EdgeTests -->
